\BOOKMARK [1][-]{section.1}{Introduction}{}% 1
\BOOKMARK [2][-]{subsection.1.1}{Data Sets Description}{section.1}% 2
\BOOKMARK [2][-]{subsection.1.2}{Framework and Implementation}{section.1}% 3
\BOOKMARK [2][-]{subsection.1.3}{Workflow Overview}{section.1}% 4
\BOOKMARK [1][-]{section.2}{Data Exploration and Pre-processing}{}% 5
\BOOKMARK [2][-]{subsection.2.1}{Asteroids Data Set}{section.2}% 6
\BOOKMARK [2][-]{subsection.2.2}{Advertising Bidding \(Kaggle Data Set\)}{section.2}% 7
\BOOKMARK [2][-]{subsection.2.3}{Breast Cancer \(Kaggle Data Set\)}{section.2}% 8
\BOOKMARK [1][-]{section.3}{Performance Tests}{}% 9
\BOOKMARK [2][-]{subsection.3.1}{Model Training Parameters}{section.3}% 10
\BOOKMARK [2][-]{subsection.3.2}{Confusion Matrix}{section.3}% 11
\BOOKMARK [2][-]{subsection.3.3}{Holdout and Cross Validation}{section.3}% 12
\BOOKMARK [2][-]{subsection.3.4}{Class Balance}{section.3}% 13
\BOOKMARK [1][-]{section.4}{Analysis}{}% 14
\BOOKMARK [2][-]{subsection.4.1}{Drug consumption}{section.4}% 15
\BOOKMARK [2][-]{subsection.4.2}{Asteroids}{section.4}% 16
\BOOKMARK [2][-]{subsection.4.3}{Online advertisement bidding}{section.4}% 17
\BOOKMARK [2][-]{subsection.4.4}{Breast cancer}{section.4}% 18
\BOOKMARK [1][-]{appendix.A}{Drug consumption - Confusion matrices}{}% 19
\BOOKMARK [1][-]{appendix.B}{Asteroids classification - Confusion matrices}{}% 20
